<?xml version="1.0" encoding="UTF-8"?>
<!-- Generated by org.testng.reporters.JUnitReportReporter -->
<testsuite hostname="DESKTOP-PSK9T3S" failures="0" tests="1" name="Runner.MultipleRunner" time="0.014" errors="0" timestamp="2023-09-21T15:21:36 IST" skipped="0">
  <testcase classname="Runner.MultipleRunner" name="test" time="0.014"/>
  <system-out/>
</testsuite> <!-- Runner.MultipleRunner -->
